\BOOKMARK [-1][-]{part.1}{\376\377\000I\000\040\003\225\003\271\003\303\003\261\003\263\003\311\003\263\003\256}{}% 1
\BOOKMARK [0][-]{chapter.1}{\376\377\003\240\003\265\003\301\003\271\003\263\003\301\003\261\003\306\003\256\000\040\003\304\003\277\003\305\000\040\003\300\003\265\003\264\003\257\003\277\003\305\000\040\003\265\003\306\003\261\003\301\003\274\003\277\003\263\003\256\003\302}{part.1}% 2
\BOOKMARK [1][-]{section.1.1}{\376\377\003\241\003\277\003\274\003\300\003\277\003\304\003\271\003\272\003\256\000\040\003\272\003\271\003\275\003\267\003\304\003\256\003\302\000\040\003\262\003\254\003\303\003\267\003\302}{chapter.1}% 3
\BOOKMARK [2][-]{subsection.1.1.1}{\376\377\003\230\003\265\003\274\003\265\003\273\003\271\003\316\003\264\003\265\003\271\003\302\000\040\003\273\003\265\003\271\003\304\003\277\003\305\003\301\003\263\003\257\003\265\003\302}{section.1.1}% 4
\BOOKMARK [2][-]{subsection.1.1.2}{\376\377\003\240\003\267\003\263\003\255\003\302\000\040\003\272\003\261\003\271\000\040\003\272\003\315\003\301\003\271\003\277\003\271\000\040\003\304\003\301\003\314\003\300\003\277\003\271\000\040\003\261\003\275\003\304\003\257\003\273\003\267\003\310\003\267\003\302\000\040\003\304\003\277\003\305\000\040\003\300\003\265\003\301\003\271\003\262\003\254\003\273\003\273\003\277\003\275\003\304\003\277\003\302}{section.1.1}% 5
\BOOKMARK [2][-]{subsection.1.1.3}{\376\377\003\244\003\301\003\255\003\307\003\277\003\305\003\303\003\261\000\040\003\272\003\261\003\304\003\254\003\303\003\304\003\261\003\303\003\267\000\040\003\272\003\261\003\271\000\040\003\240\003\301\003\277\003\272\003\273\003\256\003\303\003\265\003\271\003\302}{section.1.1}% 6
\BOOKMARK [1][-]{section.1.2}{\376\377\003\221\003\300\003\261\003\301\003\261\003\257\003\304\003\267\003\304\003\265\003\302\000\040\003\255\003\275\003\275\003\277\003\271\003\265\003\302}{chapter.1}% 7
\BOOKMARK [2][-]{subsection.1.2.1}{\376\377\003\225\003\272\003\304\003\271\003\274\003\267\003\304\003\255\003\277\000\040\003\264\003\271\003\254\003\275\003\305\003\303\003\274\003\261\000\040\003\272\003\261\003\304\003\254\003\303\003\304\003\261\003\303\003\267\003\302}{section.1.2}% 8
\BOOKMARK [2][-]{subsection.1.2.2}{\376\377\003\244\003\261\000\040\003\264\003\315\003\277\000\040\003\272\003\315\003\301\003\271\003\261\000\040\003\300\003\301\003\277\003\262\003\273\003\256\003\274\003\261\003\304\003\261\000\040\003\265\003\272\003\304\003\257\003\274\003\267\003\303\003\267\003\302\000\040\003\303\003\304\003\254\003\303\003\267\003\302}{section.1.2}% 9
\BOOKMARK [2][-]{subsection.1.2.3}{\376\377\003\244\003\277\000\040\003\306\003\257\003\273\003\304\003\301\003\277\000\040\003\303\003\311\003\274\003\261\003\304\003\271\003\264\003\257\003\311\003\275}{section.1.2}% 10
\BOOKMARK [2][-]{subsection.1.2.4}{\376\377\003\237\000\040\003\261\003\271\003\303\003\270\003\267\003\304\003\256\003\301\003\261\003\302\000\040\000l\000i\000d\000a\000r\000\040\003\264\003\271\003\303\003\264\003\271\003\254\003\303\003\304\003\261\003\304\003\311\003\275\000\040\003\274\003\265\003\304\003\301\003\256\003\303\003\265\003\311\003\275}{section.1.2}% 11
\BOOKMARK [2][-]{subsection.1.2.5}{\376\377\003\225\003\305\003\270\003\305\003\263\003\301\003\254\003\274\003\274\003\271\003\303\003\267\000\040\003\303\003\261\003\301\003\316\003\303\003\265\003\311\003\275\000\040\000l\000i\000d\000a\000r}{section.1.2}% 12
\BOOKMARK [2][-]{subsection.1.2.6}{\376\377\003\225\003\305\003\270\003\305\003\263\003\301\003\254\003\274\003\274\003\271\003\303\003\267\000\040\003\303\003\261\003\301\003\316\003\303\003\265\003\311\003\275\000\040\000l\000i\000d\000a\000r\000\040\003\274\003\265\000\040\003\303\003\261\003\301\003\316\003\303\003\265\003\271\003\302\000\040\003\307\003\254\003\301\003\304\003\267}{section.1.2}% 13
\BOOKMARK [2][-]{subsection.1.2.7}{\376\377\003\244\003\277\000\040\003\273\003\265\003\271\003\304\003\277\003\305\003\301\003\263\003\271\003\272\003\314\000\040\003\303\003\315\003\303\003\304\003\267\003\274\003\261\000\040\003\301\003\277\003\274\003\300\003\314\003\304\000\040\000R\000O\000S}{section.1.2}% 14
\BOOKMARK [0][-]{chapter.2}{\376\377\003\237\003\264\003\271\003\272\003\314\003\302\000\040\003\307\003\254\003\301\003\304\003\267\003\302}{part.1}% 15
\BOOKMARK [1][-]{section.2.1}{\376\377\003\237\003\264\003\271\003\272\003\314\003\302\000\040\003\307\003\254\003\301\003\304\003\267\003\302}{chapter.2}% 16
\BOOKMARK [0][-]{chapter.3}{\376\377\003\225\003\300\003\271\003\303\003\272\003\314\003\300\003\267\003\303\003\267\000\040\003\304\003\311\003\275\000\040\003\265\003\301\003\265\003\305\003\275\003\267\003\304\003\271\003\272\003\316\003\275\000\040\003\300\003\265\003\301\003\271\003\277\003\307\003\316\003\275}{part.1}% 17
\BOOKMARK [1][-]{section.3.1}{\376\377\003\221\003\305\003\304\003\314\003\275\003\277\003\274\003\267\000\040\003\300\003\273\003\277\003\256\003\263\003\267\003\303\003\267\000\040\003\272\003\261\003\271\000\040\000R\000O\000S}{chapter.3}% 18
\BOOKMARK [2][-]{subsection.3.1.1}{\376\377\003\221\003\273\003\263\003\314\003\301\003\271\003\270\003\274\003\277\003\271\000\040\003\272\003\261\003\304\003\261\003\303\003\272\003\265\003\305\003\256\003\302\000\040\003\274\003\277\003\275\003\277\003\300\003\261\003\304\003\271\003\316\003\275}{section.3.1}% 19
\BOOKMARK [2][-]{subsection.3.1.2}{\376\377\003\225\003\273\003\265\003\263\003\272\003\304\003\255\003\302\000\040\003\272\003\257\003\275\003\267\003\303\003\267\003\302}{section.3.1}% 20
\BOOKMARK [2][-]{subsection.3.1.3}{\376\377\003\221\003\305\003\304\003\314\003\275\003\277\003\274\003\267\000\040\003\300\003\273\003\277\003\256\003\263\003\267\003\303\003\267\000\040\003\274\003\265\000\040\003\304\003\277\000\040\000R\000O\000S}{section.3.1}% 21
\BOOKMARK [1][-]{section.3.2}{\376\377\000s\000m\000s\000m}{chapter.3}% 22
\BOOKMARK [1][-]{section.3.3}{\376\377\000s\000m}{chapter.3}% 23
\BOOKMARK [1][-]{section.3.4}{\376\377\000G\000l\000o\000b\000a\000l\000\040\000l\000o\000c\000a\000l\000i\000s\000a\000t\000i\000o\000n}{chapter.3}% 24
\BOOKMARK [1][-]{section.3.5}{\376\377\000f\000m\000t\000\040\000i\000n\000\040\000r\000o\000b\000o\000t\000i\000c\000s}{chapter.3}% 25
\BOOKMARK [0][-]{chapter.4}{\376\377\003\243\003\305\003\274\003\262\003\277\003\273\003\255\003\302\000\040\003\272\003\261\003\271\000\040\003\224\003\271\003\254\003\301\003\270\003\301\003\311\003\303\003\267\000\040\003\304\003\267\003\302\000\040\003\264\003\271\003\261\003\304\003\301\003\271\003\262\003\256\003\302}{part.1}% 26
\BOOKMARK [1][-]{section.4.1}{\376\377\003\243\003\305\003\274\003\262\003\277\003\273\003\255\003\302\000\040\003\304\003\267\003\302\000\040\003\264\003\271\003\261\003\304\003\301\003\271\003\262\003\256\003\302}{chapter.4}% 27
\BOOKMARK [1][-]{section.4.2}{\376\377\003\224\003\271\003\254\003\301\003\270\003\301\003\311\003\303\003\267}{chapter.4}% 28
\BOOKMARK [-1][-]{part.2}{\376\377\000I\000I\000\040\003\240\003\301\003\277\003\262\003\273\003\256\003\274\003\261\003\304\003\261\040\024\003\233\003\315\003\303\003\265\003\271\003\302\040\024\003\243\003\305\003\274\003\262\003\277\003\273\003\255\003\302}{}% 29
\BOOKMARK [-1][-]{part.3}{\376\377\000I\000I\000I\000\040\003\243\003\305\003\274\003\300\003\265\003\301\003\254\003\303\003\274\003\261\003\304\003\261}{}% 30
\BOOKMARK [0][-]{chapter*.14}{\376\377\003\221\003\275\003\261\003\306\003\277\003\301\003\255\003\302}{part.3}% 31
